I, [2020-02-24T10:53:48.953342 #43377]  INFO -- default-aws: -----> Destroying <default-aws>...
W, [2020-02-24T10:53:49.664547 #43377]  WARN -- default-aws: Running command `terraform init -input=false -lock=true -lock-timeout=0s  -force-copy -backend=true  -get=true -get-plugins=true -verify-plugins=true` in directory /Users/dmw/repos/damacus/terraform-aws-sqs/examples/test_fixture
I, [2020-02-24T10:53:49.713552 #43377]  INFO -- default-aws: [0m[1mInitializing modules...[0m
I, [2020-02-24T10:53:49.730978 #43377]  INFO -- default-aws: 
I, [2020-02-24T10:53:49.731105 #43377]  INFO -- default-aws: [0m[1mInitializing the backend...[0m
I, [2020-02-24T10:53:49.777646 #43377]  INFO -- default-aws: 
I, [2020-02-24T10:53:49.777768 #43377]  INFO -- default-aws: [0m[1mInitializing provider plugins...[0m
I, [2020-02-24T10:53:50.252440 #43377]  INFO -- default-aws: 
I, [2020-02-24T10:53:50.252587 #43377]  INFO -- default-aws: The following providers do not have any version constraints in configuration,
I, [2020-02-24T10:53:50.252619 #43377]  INFO -- default-aws: so the latest version was installed.
I, [2020-02-24T10:53:50.252648 #43377]  INFO -- default-aws: 
I, [2020-02-24T10:53:50.252799 #43377]  INFO -- default-aws: To prevent automatic upgrades to new major versions that may contain breaking
I, [2020-02-24T10:53:50.252827 #43377]  INFO -- default-aws: changes, it is recommended to add version = "..." constraints to the
I, [2020-02-24T10:53:50.252955 #43377]  INFO -- default-aws: corresponding provider blocks in configuration, with the constraint strings
I, [2020-02-24T10:53:50.252986 #43377]  INFO -- default-aws: suggested below.
I, [2020-02-24T10:53:50.253009 #43377]  INFO -- default-aws: 
I, [2020-02-24T10:53:50.253029 #43377]  INFO -- default-aws: * provider.aws: version = "~> 2.50"
I, [2020-02-24T10:53:50.253083 #43377]  INFO -- default-aws: 
I, [2020-02-24T10:53:50.253531 #43377]  INFO -- default-aws: [0m[1m[32mTerraform has been successfully initialized![0m[32m[0m
W, [2020-02-24T10:53:50.267263 #43377]  WARN -- default-aws: Running command `terraform workspace select kitchen-terraform-default-aws` in directory /Users/dmw/repos/damacus/terraform-aws-sqs/examples/test_fixture
W, [2020-02-24T10:53:50.341796 #43377]  WARN -- default-aws: Running command `terraform destroy -auto-approve -lock=true -lock-timeout=0s -input=false  -parallelism=10 -refresh=true  ` in directory /Users/dmw/repos/damacus/terraform-aws-sqs/examples/test_fixture
I, [2020-02-24T10:53:54.072453 #43377]  INFO -- default-aws: [0m[1mmodule.queue.aws_sns_topic.alarm: Refreshing state... [id=arn:aws:sns:eu-west-1:209468997816:test-queue-alarm-topic][0m
I, [2020-02-24T10:53:54.072662 #43377]  INFO -- default-aws: [0m[1mmodule.queue.data.aws_caller_identity.current: Refreshing state...[0m
I, [2020-02-24T10:53:54.072755 #43377]  INFO -- default-aws: [0m[1mmodule.queue.aws_sqs_queue.deadletter_queue: Refreshing state... [id=https://sqs.eu-west-1.amazonaws.com/209468997816/test-queue-dead-letter-queue][0m
I, [2020-02-24T10:53:54.302430 #43377]  INFO -- default-aws: [0m[1mmodule.queue.aws_sqs_queue.queue: Refreshing state... [id=https://sqs.eu-west-1.amazonaws.com/209468997816/test-queue][0m
I, [2020-02-24T10:53:54.338257 #43377]  INFO -- default-aws: [0m[1mmodule.queue.aws_cloudwatch_metric_alarm.deadletter_alarm: Refreshing state... [id=test-queue-dead-letter-queue-not-empty-alarm][0m
I, [2020-02-24T10:53:54.438400 #43377]  INFO -- default-aws: [0m[1mmodule.queue.data.aws_iam_policy_document.deadletter_queue: Refreshing state...[0m
I, [2020-02-24T10:53:54.440502 #43377]  INFO -- default-aws: [0m[1mmodule.queue.aws_sqs_queue_policy.deadletter_queue: Refreshing state... [id=https://sqs.eu-west-1.amazonaws.com/209468997816/test-queue-dead-letter-queue][0m
I, [2020-02-24T10:53:54.520384 #43377]  INFO -- default-aws: [0m[1mmodule.queue.aws_cloudwatch_metric_alarm.alarm: Refreshing state... [id=test-queue-flood-alarm][0m
I, [2020-02-24T10:53:54.520522 #43377]  INFO -- default-aws: [0m[1mmodule.queue.data.aws_iam_policy_document.queue: Refreshing state...[0m
I, [2020-02-24T10:53:54.522496 #43377]  INFO -- default-aws: [0m[1mmodule.queue.aws_sqs_queue_policy.queue: Refreshing state... [id=https://sqs.eu-west-1.amazonaws.com/209468997816/test-queue][0m
I, [2020-02-24T10:53:57.409281 #43377]  INFO -- default-aws: [0m[1mmodule.queue.aws_sqs_queue_policy.deadletter_queue: Destroying... [id=https://sqs.eu-west-1.amazonaws.com/209468997816/test-queue-dead-letter-queue][0m[0m
I, [2020-02-24T10:53:57.409469 #43377]  INFO -- default-aws: [0m[1mmodule.queue.aws_sqs_queue_policy.queue: Destroying... [id=https://sqs.eu-west-1.amazonaws.com/209468997816/test-queue][0m[0m
I, [2020-02-24T10:53:57.410012 #43377]  INFO -- default-aws: [0m[1mmodule.queue.aws_cloudwatch_metric_alarm.alarm: Destroying... [id=test-queue-flood-alarm][0m[0m
I, [2020-02-24T10:53:57.410150 #43377]  INFO -- default-aws: [0m[1mmodule.queue.aws_cloudwatch_metric_alarm.deadletter_alarm: Destroying... [id=test-queue-dead-letter-queue-not-empty-alarm][0m[0m
I, [2020-02-24T10:53:57.540679 #43377]  INFO -- default-aws: [0m[1mmodule.queue.aws_sqs_queue_policy.queue: Destruction complete after 1s[0m[0m
I, [2020-02-24T10:53:57.555573 #43377]  INFO -- default-aws: [0m[1mmodule.queue.aws_sqs_queue_policy.deadletter_queue: Destruction complete after 1s[0m[0m
I, [2020-02-24T10:53:57.703869 #43377]  INFO -- default-aws: [0m[1mmodule.queue.aws_cloudwatch_metric_alarm.alarm: Destruction complete after 1s[0m[0m
I, [2020-02-24T10:53:57.717816 #43377]  INFO -- default-aws: [0m[1mmodule.queue.aws_sqs_queue.queue: Destroying... [id=https://sqs.eu-west-1.amazonaws.com/209468997816/test-queue][0m[0m
I, [2020-02-24T10:53:57.769836 #43377]  INFO -- default-aws: [0m[1mmodule.queue.aws_cloudwatch_metric_alarm.deadletter_alarm: Destruction complete after 1s[0m[0m
I, [2020-02-24T10:53:57.784870 #43377]  INFO -- default-aws: [0m[1mmodule.queue.aws_sns_topic.alarm: Destroying... [id=arn:aws:sns:eu-west-1:209468997816:test-queue-alarm-topic][0m[0m
I, [2020-02-24T10:53:57.860910 #43377]  INFO -- default-aws: [0m[1mmodule.queue.aws_sqs_queue.queue: Destruction complete after 0s[0m[0m
I, [2020-02-24T10:53:57.874194 #43377]  INFO -- default-aws: [0m[1mmodule.queue.aws_sqs_queue.deadletter_queue: Destroying... [id=https://sqs.eu-west-1.amazonaws.com/209468997816/test-queue-dead-letter-queue][0m[0m
I, [2020-02-24T10:53:57.982290 #43377]  INFO -- default-aws: [0m[1mmodule.queue.aws_sns_topic.alarm: Destruction complete after 0s[0m[0m
I, [2020-02-24T10:53:58.018545 #43377]  INFO -- default-aws: [0m[1mmodule.queue.aws_sqs_queue.deadletter_queue: Destruction complete after 0s[0m[0m
I, [2020-02-24T10:53:58.046162 #43377]  INFO -- default-aws: [0m[1m[32m
I, [2020-02-24T10:53:58.046532 #43377]  INFO -- default-aws: Destroy complete! Resources: 7 destroyed.[0m
W, [2020-02-24T10:53:58.064701 #43377]  WARN -- default-aws: Running command `terraform workspace select default` in directory /Users/dmw/repos/damacus/terraform-aws-sqs/examples/test_fixture
I, [2020-02-24T10:53:58.126112 #43377]  INFO -- default-aws: [0m[32mSwitched to workspace "default".[0m
W, [2020-02-24T10:53:58.138281 #43377]  WARN -- default-aws: Running command `terraform workspace delete kitchen-terraform-default-aws` in directory /Users/dmw/repos/damacus/terraform-aws-sqs/examples/test_fixture
I, [2020-02-24T10:53:58.206845 #43377]  INFO -- default-aws: [0m[32mDeleted workspace "kitchen-terraform-default-aws"![0m
I, [2020-02-24T10:53:58.222772 #43377]  INFO -- default-aws: Finished destroying <default-aws> (0m9.27s).
